# JRE version: OpenJDK Runtime Environment (7.0_91-b02) (build 1.7.0_91-b02)
# Java VM: OpenJDK 64-Bit Server VM (24.91-b01 mixed mode linux-amd64 compressed oops)
Heap
 PSYoungGen      total 500736K, used 22256K [0x00000007d5500000, 0x0000000800000000, 0x0000000800000000)
  eden space 367616K, 0% used [0x00000007d5500000,0x00000007d5500000,0x00000007ebc00000)
  from space 133120K, 16% used [0x00000007f7e00000,0x00000007f93bc158,0x0000000800000000)
  to   space 165888K, 0% used [0x00000007ebc00000,0x00000007ebc00000,0x00000007f5e00000)
 ParOldGen       total 373760K, used 373660K [0x0000000780000000, 0x0000000796d00000, 0x00000007d5500000)
  object space 373760K, 99% used [0x0000000780000000,0x0000000796ce7080,0x0000000796d00000)
 PSPermGen       total 114688K, used 63458K [0x0000000760000000, 0x0000000767000000, 0x0000000780000000)
  object space 114688K, 55% used [0x0000000760000000,0x0000000763df8948,0x0000000767000000)
GC Heap History (10 events):
Event: 9557,388 GC heap after
Heap after GC invocations=29 (full 5):
 PSYoungGen      total 536064K, used 495K [0x00000007d5500000, 0x0000000800000000, 0x0000000800000000)
  eden space 429056K, 0% used [0x00000007d5500000,0x00000007d5500000,0x00000007ef800000)
  from space 107008K, 0% used [0x00000007f9780000,0x00000007f97fbe20,0x0000000800000000)
  to   space 135168K, 0% used [0x00000007ef800000,0x00000007ef800000,0x00000007f7c00000)
 ParOldGen       total 373760K, used 252308K [0x0000000780000000, 0x0000000796d00000, 0x00000007d5500000)
  object space 373760K, 67% used [0x0000000780000000,0x000000078f6650d8,0x0000000796d00000)
 PSPermGen       total 114688K, used 63416K [0x0000000760000000, 0x0000000767000000, 0x0000000780000000)
  object space 114688K, 55% used [0x0000000760000000,0x0000000763dee070,0x0000000767000000)
}
Event: 9560,178 GC heap before
{Heap before GC invocations=30 (full 5):
 PSYoungGen      total 536064K, used 429551K [0x00000007d5500000, 0x0000000800000000, 0x0000000800000000)
  eden space 429056K, 100% used [0x00000007d5500000,0x00000007ef800000,0x00000007ef800000)
  from space 107008K, 0% used [0x00000007f9780000,0x00000007f97fbe20,0x0000000800000000)
  to   space 135168K, 0% used [0x00000007ef800000,0x00000007ef800000,0x00000007f7c00000)
 ParOldGen       total 373760K, used 252308K [0x0000000780000000, 0x0000000796d00000, 0x00000007d5500000)
  object space 373760K, 67% used [0x0000000780000000,0x000000078f6650d8,0x0000000796d00000)
 PSPermGen       total 114688K, used 63445K [0x0000000760000000, 0x0000000767000000, 0x0000000780000000)
  object space 114688K, 55% used [0x0000000760000000,0x0000000763df5678,0x0000000767000000)
Event: 9560,475 GC heap after
Heap after GC invocations=30 (full 5):
 PSYoungGen      total 564224K, used 53867K [0x00000007d5500000, 0x0000000800000000, 0x0000000800000000)
  eden space 429056K, 0% used [0x00000007d5500000,0x00000007d5500000,0x00000007ef800000)
  from space 135168K, 39% used [0x00000007ef800000,0x00000007f2c9ae90,0x00000007f7c00000)
  to   space 128512K, 0% used [0x00000007f8280000,0x00000007f8280000,0x0000000800000000)
 ParOldGen       total 373760K, used 252547K [0x0000000780000000, 0x0000000796d00000, 0x00000007d5500000)
  object space 373760K, 67% used [0x0000000780000000,0x000000078f6a0de0,0x0000000796d00000)
 PSPermGen       total 114688K, used 63445K [0x0000000760000000, 0x0000000767000000, 0x0000000780000000)
  object space 114688K, 55% used [0x0000000760000000,0x0000000763df5678,0x0000000767000000)
}
Event: 9563,236 GC heap before
{Heap before GC invocations=31 (full 5):
 PSYoungGen      total 564224K, used 482923K [0x00000007d5500000, 0x0000000800000000, 0x0000000800000000)
  eden space 429056K, 100% used [0x00000007d5500000,0x00000007ef800000,0x00000007ef800000)
  from space 135168K, 39% used [0x00000007ef800000,0x00000007f2c9ae90,0x00000007f7c00000)
  to   space 128512K, 0% used [0x00000007f8280000,0x00000007f8280000,0x0000000800000000)
 ParOldGen       total 373760K, used 252547K [0x0000000780000000, 0x0000000796d00000, 0x00000007d5500000)
  object space 373760K, 67% used [0x0000000780000000,0x000000078f6a0de0,0x0000000796d00000)
 PSPermGen       total 114688K, used 63454K [0x0000000760000000, 0x0000000767000000, 0x0000000780000000)
  object space 114688K, 55% used [0x0000000760000000,0x0000000763df7a30,0x0000000767000000)
Event: 9563,406 GC heap after
Heap after GC invocations=31 (full 5):
 PSYoungGen      total 561664K, used 83840K [0x00000007d5500000, 0x0000000800000000, 0x0000000800000000)
  eden space 433152K, 0% used [0x00000007d5500000,0x00000007d5500000,0x00000007efc00000)
  from space 128512K, 65% used [0x00000007f8280000,0x00000007fd4600d0,0x0000000800000000)
  to   space 133120K, 0% used [0x00000007efc00000,0x00000007efc00000,0x00000007f7e00000)
 ParOldGen       total 373760K, used 252843K [0x0000000780000000, 0x0000000796d00000, 0x00000007d5500000)
  object space 373760K, 67% used [0x0000000780000000,0x000000078f6eade0,0x0000000796d00000)
 PSPermGen       total 114688K, used 63454K [0x0000000760000000, 0x0000000767000000, 0x0000000780000000)
  object space 114688K, 55% used [0x0000000760000000,0x0000000763df7a30,0x0000000767000000)
}
Event: 9565,737 GC heap before
{Heap before GC invocations=32 (full 5):
 PSYoungGen      total 561664K, used 516992K [0x00000007d5500000, 0x0000000800000000, 0x0000000800000000)
  eden space 433152K, 100% used [0x00000007d5500000,0x00000007efc00000,0x00000007efc00000)
  from space 128512K, 65% used [0x00000007f8280000,0x00000007fd4600d0,0x0000000800000000)
  to   space 133120K, 0% used [0x00000007efc00000,0x00000007efc00000,0x00000007f7e00000)
 ParOldGen       total 373760K, used 252843K [0x0000000780000000, 0x0000000796d00000, 0x00000007d5500000)
  object space 373760K, 67% used [0x0000000780000000,0x000000078f6eade0,0x0000000796d00000)
 PSPermGen       total 114688K, used 63456K [0x0000000760000000, 0x0000000767000000, 0x0000000780000000)
  object space 114688K, 55% used [0x0000000760000000,0x0000000763df8300,0x0000000767000000)
Event: 9566,616 GC heap after
Heap after GC invocations=32 (full 5):
 PSYoungGen      total 566272K, used 133101K [0x00000007d5500000, 0x0000000800000000, 0x0000000800000000)
  eden space 433152K, 0% used [0x00000007d5500000,0x00000007d5500000,0x00000007efc00000)
  from space 133120K, 99% used [0x00000007efc00000,0x00000007f7dfb788,0x00000007f7e00000)
  to   space 133120K, 0% used [0x00000007f7e00000,0x00000007f7e00000,0x0000000800000000)
 ParOldGen       total 373760K, used 257222K [0x0000000780000000, 0x0000000796d00000, 0x00000007d5500000)
  object space 373760K, 68% used [0x0000000780000000,0x000000078fb31b48,0x0000000796d00000)
 PSPermGen       total 114688K, used 63456K [0x0000000760000000, 0x0000000767000000, 0x0000000780000000)
  object space 114688K, 55% used [0x0000000760000000,0x0000000763df8300,0x0000000767000000)
}
Event: 9567,565 GC heap before
{Heap before GC invocations=33 (full 5):
 PSYoungGen      total 566272K, used 566253K [0x00000007d5500000, 0x0000000800000000, 0x0000000800000000)
  eden space 433152K, 100% used [0x00000007d5500000,0x00000007efc00000,0x00000007efc00000)
  from space 133120K, 99% used [0x00000007efc00000,0x00000007f7dfb788,0x00000007f7e00000)
  to   space 133120K, 0% used [0x00000007f7e00000,0x00000007f7e00000,0x0000000800000000)
 ParOldGen       total 373760K, used 257222K [0x0000000780000000, 0x0000000796d00000, 0x00000007d5500000)
  object space 373760K, 68% used [0x0000000780000000,0x000000078fb31b48,0x0000000796d00000)
 PSPermGen       total 114688K, used 63458K [0x0000000760000000, 0x0000000767000000, 0x0000000780000000)
  object space 114688K, 55% used [0x0000000760000000,0x0000000763df8ba8,0x0000000767000000)
Event: 9570,526 GC heap after
Heap after GC invocations=33 (full 5):
 PSYoungGen      total 500736K, used 113255K [0x00000007d5500000, 0x0000000800000000, 0x0000000800000000)
  eden space 367616K, 0% used [0x00000007d5500000,0x00000007d5500000,0x00000007ebc00000)
  from space 133120K, 85% used [0x00000007f7e00000,0x00000007fec99fd0,0x0000000800000000)
  to   space 165888K, 0% used [0x00000007ebc00000,0x00000007ebc00000,0x00000007f5e00000)
 ParOldGen       total 373760K, used 338345K [0x0000000780000000, 0x0000000796d00000, 0x00000007d5500000)
  object space 373760K, 90% used [0x0000000780000000,0x0000000794a6a588,0x0000000796d00000)
 PSPermGen       total 114688K, used 63458K [0x0000000760000000, 0x0000000767000000, 0x0000000780000000)
  object space 114688K, 55% used [0x0000000760000000,0x0000000763df8ba8,0x0000000767000000)
}
Event: 9570,526 GC heap before
{Heap before GC invocations=34 (full 6):
 PSYoungGen      total 500736K, used 113255K [0x00000007d5500000, 0x0000000800000000, 0x0000000800000000)
  eden space 367616K, 0% used [0x00000007d5500000,0x00000007d5500000,0x00000007ebc00000)
  from space 133120K, 85% used [0x00000007f7e00000,0x00000007fec99fd0,0x0000000800000000)
  to   space 165888K, 0% used [0x00000007ebc00000,0x00000007ebc00000,0x00000007f5e00000)
 ParOldGen       total 373760K, used 338345K [0x0000000780000000, 0x0000000796d00000, 0x00000007d5500000)
  object space 373760K, 90% used [0x0000000780000000,0x0000000794a6a588,0x0000000796d00000)
 PSPermGen       total 114688K, used 63458K [0x0000000760000000, 0x0000000767000000, 0x0000000780000000)
  object space 114688K, 55% used [0x0000000760000000,0x0000000763df8ba8,0x0000000767000000)

